<?xml version="1.0" encoding="UTF-8"?>
<testsuite xmlns:xsi="http://www.w3.org/2001/XMLSchema-instance" xsi:noNamespaceSchemaLocation="https://maven.apache.org/surefire/maven-surefire-plugin/xsd/surefire-test-report-3.0.xsd" version="3.0" name="com.oslab.cmanager.CmanagerApplicationTests" time="1.91" tests="1" errors="0" skipped="0" failures="0">
  <properties>
[...]
</properties>
  <testcase name="contextLoads" classname="com.oslab.cmanager.CmanagerApplicationTests" time="0.484">
    <system-out><![CDATA[23:50:29.468 [main] INFO org.springframework.test.context.support.AnnotationConfigContextLoaderUtils -- Could not detect default configuration classes for test class [com.oslab.cmanager.CmanagerApplicationTests]: CmanagerApplicationTests does not declare any static, non-private, non-final, nested classes annotated with @Configuration.
23:50:29.530 [main] INFO org.springframework.boot.test.context.SpringBootTestContextBootstrapper -- Found @SpringBootConfiguration com.oslab.cmanager.CmanagerApplication for test class com.oslab.cmanager.CmanagerApplicationTests

  .   ____          _            __ _ _
 /\\ / ___'_ __ _ _(_)_ __  __ _ \ \ \ \
( ( )\___ | '_ | '_| | '_ \/ _` | \ \ \ \
 \\/  ___)| |_)| | | | | || (_| |  ) ) ) )
  '  |____| .__|_| |_|_| |_\__, | / / / /
 =========|_|==============|___/=/_/_/_/
 :: Spring Boot ::                (v3.1.0)

2023-08-23T23:50:29.734+09:00  INFO 63756 --- [           main] c.o.cmanager.CmanagerApplicationTests    : Starting CmanagerApplicationTests using Java 20.0.1 with PID 63756 (started by yuseunghun in /Users/yuseunghun/Documents/oidc/ssh_desktop_cmanager_spring/oslab_springboot_cmanager)
2023-08-23T23:50:29.734+09:00  INFO 63756 --- [           main] c.o.cmanager.CmanagerApplicationTests    : No active profile set, falling back to 1 default profile: "default"
2023-08-23T23:50:29.990+09:00  INFO 63756 --- [           main] .s.d.r.c.RepositoryConfigurationDelegate : Multiple Spring Data modules found, entering strict repository configuration mode
2023-08-23T23:50:29.990+09:00  INFO 63756 --- [           main] .s.d.r.c.RepositoryConfigurationDelegate : Bootstrapping Spring Data Redis repositories in DEFAULT mode.
2023-08-23T23:50:30.001+09:00  INFO 63756 --- [           main] .s.d.r.c.RepositoryConfigurationDelegate : Finished Spring Data repository scanning in 3 ms. Found 0 Redis repository interfaces.
2023-08-23T23:50:30.090+09:00  INFO 63756 --- [           main] .s.d.r.c.RepositoryConfigurationDelegate : Multiple Spring Data modules found, entering strict repository configuration mode
2023-08-23T23:50:30.091+09:00  INFO 63756 --- [           main] .s.d.r.c.RepositoryConfigurationDelegate : Bootstrapping Spring Data Redis repositories in DEFAULT mode.
2023-08-23T23:50:30.099+09:00  INFO 63756 --- [           main] .s.d.r.c.RepositoryConfigurationDelegate : Finished Spring Data repository scanning in 8 ms. Found 0 Redis repository interfaces.
2023-08-23T23:50:30.786+09:00  INFO 63756 --- [           main] o.s.m.s.b.SimpleBrokerMessageHandler     : Starting...
2023-08-23T23:50:30.787+09:00  INFO 63756 --- [           main] o.s.m.s.b.SimpleBrokerMessageHandler     : BrokerAvailabilityEvent[available=true, SimpleBrokerMessageHandler [org.springframework.messaging.simp.broker.DefaultSubscriptionRegistry@15e08615]]
2023-08-23T23:50:30.787+09:00  INFO 63756 --- [           main] o.s.m.s.b.SimpleBrokerMessageHandler     : Started.
2023-08-23T23:50:30.792+09:00  INFO 63756 --- [           main] c.o.cmanager.CmanagerApplicationTests    : Started CmanagerApplicationTests in 1.19 seconds (process running for 1.687)
]]></system-out>
  </testcase>
</testsuite>